\BOOKMARK [0][-]{chapter.1}{\376\377\0001\000\040\000M\000o\000d\000u\000l\000e\000\040\000I\000n\000d\000e\000x}{}% 1
\BOOKMARK [1][-]{section.1.1}{\376\377\0001\000.\0001\000\040\000M\000o\000d\000u\000l\000e\000s}{chapter.1}% 2
\BOOKMARK [0][-]{chapter.2}{\376\377\0002\000\040\000C\000l\000a\000s\000s\000\040\000I\000n\000d\000e\000x}{}% 3
\BOOKMARK [1][-]{section.2.1}{\376\377\0002\000.\0001\000\040\000C\000l\000a\000s\000s\000\040\000L\000i\000s\000t}{chapter.2}% 4
\BOOKMARK [0][-]{chapter.3}{\376\377\0003\000\040\000F\000i\000l\000e\000\040\000I\000n\000d\000e\000x}{}% 5
\BOOKMARK [1][-]{section.3.1}{\376\377\0003\000.\0001\000\040\000F\000i\000l\000e\000\040\000L\000i\000s\000t}{chapter.3}% 6
\BOOKMARK [0][-]{chapter.4}{\376\377\0004\000\040\000M\000o\000d\000u\000l\000e\000\040\000D\000o\000c\000u\000m\000e\000n\000t\000a\000t\000i\000o\000n}{}% 7
\BOOKMARK [1][-]{section.4.1}{\376\377\0004\000.\0001\000\040\000M\000F\000R\000C\0005\0002\0002\000\040\000R\000e\000g\000i\000s\000t\000e\000r\000\040\000A\000d\000d\000r\000e\000s\000s\000e\000s}{chapter.4}% 8
\BOOKMARK [2][-]{subsection.4.1.1}{\376\377\0004\000.\0001\000.\0001\000\040\000D\000e\000t\000a\000i\000l\000e\000d\000\040\000D\000e\000s\000c\000r\000i\000p\000t\000i\000o\000n}{section.4.1}% 9
\BOOKMARK [1][-]{section.4.2}{\376\377\0004\000.\0002\000\040\000M\000F\000R\000C\0005\0002\0002\000\040\000C\000o\000m\000m\000a\000n\000d\000s}{chapter.4}% 10
\BOOKMARK [2][-]{subsection.4.2.1}{\376\377\0004\000.\0002\000.\0001\000\040\000D\000e\000t\000a\000i\000l\000e\000d\000\040\000D\000e\000s\000c\000r\000i\000p\000t\000i\000o\000n}{section.4.2}% 11
\BOOKMARK [0][-]{chapter.5}{\376\377\0005\000\040\000C\000l\000a\000s\000s\000\040\000D\000o\000c\000u\000m\000e\000n\000t\000a\000t\000i\000o\000n}{}% 12
\BOOKMARK [1][-]{section.5.1}{\376\377\0005\000.\0001\000\040\000M\000i\000f\000a\000r\000e\0001\000k\000K\000e\000y\000\137\000t\000\040\000S\000t\000r\000u\000c\000t\000\040\000R\000e\000f\000e\000r\000e\000n\000c\000e}{chapter.5}% 13
\BOOKMARK [2][-]{subsection.5.1.1}{\376\377\0005\000.\0001\000.\0001\000\040\000M\000e\000m\000b\000e\000r\000\040\000D\000a\000t\000a\000\040\000D\000o\000c\000u\000m\000e\000n\000t\000a\000t\000i\000o\000n}{section.5.1}% 14
\BOOKMARK [3][-]{subsubsection.5.1.1.1}{\376\377\0005\000.\0001\000.\0001\000.\0001\000\040\000b\000l\000o\000c\000k\000K\000e\000y}{subsection.5.1.1}% 15
\BOOKMARK [3][-]{subsubsection.5.1.1.2}{\376\377\0005\000.\0001\000.\0001\000.\0002\000\040\000k\000e\000y\000D\000a\000t\000a}{subsection.5.1.1}% 16
\BOOKMARK [3][-]{subsubsection.5.1.1.3}{\376\377\0005\000.\0001\000.\0001\000.\0003\000\040\000u\000i\000d}{subsection.5.1.1}% 17
\BOOKMARK [1][-]{section.5.2}{\376\377\0005\000.\0002\000\040\000U\000n\000i\000q\000u\000e\000I\000d\000e\000n\000t\000i\000f\000i\000e\000r\000\137\000t\000\040\000S\000t\000r\000u\000c\000t\000\040\000R\000e\000f\000e\000r\000e\000n\000c\000e}{chapter.5}% 18
\BOOKMARK [2][-]{subsection.5.2.1}{\376\377\0005\000.\0002\000.\0001\000\040\000M\000e\000m\000b\000e\000r\000\040\000D\000a\000t\000a\000\040\000D\000o\000c\000u\000m\000e\000n\000t\000a\000t\000i\000o\000n}{section.5.2}% 19
\BOOKMARK [3][-]{subsubsection.5.2.1.1}{\376\377\0005\000.\0002\000.\0001\000.\0001\000\040\000b\000c\000c\000B\000y\000t\000e}{subsection.5.2.1}% 20
\BOOKMARK [3][-]{subsubsection.5.2.1.2}{\376\377\0005\000.\0002\000.\0001\000.\0002\000\040\000d\000o\000u\000b\000l\000e\000S\000i\000z\000e\000U\000i\000d\000D\000a\000t\000a}{subsection.5.2.1}% 21
\BOOKMARK [3][-]{subsubsection.5.2.1.3}{\376\377\0005\000.\0002\000.\0001\000.\0003\000\040\000s\000a\000k\000B\000y\000t\000e}{subsection.5.2.1}% 22
\BOOKMARK [3][-]{subsubsection.5.2.1.4}{\376\377\0005\000.\0002\000.\0001\000.\0004\000\040\000s\000i\000n\000g\000l\000e\000S\000i\000z\000e\000U\000i\000d\000D\000a\000t\000a}{subsection.5.2.1}% 23
\BOOKMARK [3][-]{subsubsection.5.2.1.5}{\376\377\0005\000.\0002\000.\0001\000.\0005\000\040\000t\000r\000i\000p\000p\000l\000e\000S\000i\000z\000e\000U\000i\000d\000D\000a\000t\000a}{subsection.5.2.1}% 24
\BOOKMARK [3][-]{subsubsection.5.2.1.6}{\376\377\0005\000.\0002\000.\0001\000.\0006\000\040\000u\000i\000d\000S\000i\000z\000e}{subsection.5.2.1}% 25
\BOOKMARK [0][-]{chapter.6}{\376\377\0006\000\040\000F\000i\000l\000e\000\040\000D\000o\000c\000u\000m\000e\000n\000t\000a\000t\000i\000o\000n}{}% 26
\BOOKMARK [1][-]{section.6.1}{\376\377\0006\000.\0001\000\040\000B\000L\000E\000\137\000C\000o\000n\000t\000r\000o\000l\000l\000e\000r\000.\000h}{chapter.6}% 27
\BOOKMARK [1][-]{section.6.2}{\376\377\0006\000.\0002\000\040\000S\000o\000u\000r\000c\000e\000s\000/\000d\000r\000i\000v\000e\000r\000s\000/\000M\000F\000R\000C\0005\0002\0002\000.\000h\000\040\000F\000i\000l\000e\000\040\000R\000e\000f\000e\000r\000e\000n\000c\000e}{chapter.6}% 28
\BOOKMARK [2][-]{subsection.6.2.1}{\376\377\0006\000.\0002\000.\0001\000\040\000M\000a\000c\000r\000o\000\040\000D\000e\000f\000i\000n\000i\000t\000i\000o\000n\000\040\000D\000o\000c\000u\000m\000e\000n\000t\000a\000t\000i\000o\000n}{section.6.2}% 29
\BOOKMARK [3][-]{subsubsection.6.2.1.1}{\376\377\0006\000.\0002\000.\0001\000.\0001\000\040\000M\000I\000F\000A\000R\000E\000\137\000K\000E\000Y\000\137\000S\000I\000Z\000E}{subsection.6.2.1}% 30
\BOOKMARK [3][-]{subsubsection.6.2.1.2}{\376\377\0006\000.\0002\000.\0001\000.\0002\000\040\000N\000U\000M\000\137\000B\000L\000O\000C\000K\000S\000\137\000P\000E\000R\000\137\000S\000E\000C\000T\000O\000R}{subsection.6.2.1}% 31
\BOOKMARK [3][-]{subsubsection.6.2.1.3}{\376\377\0006\000.\0002\000.\0001\000.\0003\000\040\000N\000U\000M\000\137\000S\000E\000C\000T\000O\000R\000E\000\137\000M\000I\000F\000A\000R\000E\000\137\0001\000K}{subsection.6.2.1}% 32
\BOOKMARK [2][-]{subsection.6.2.2}{\376\377\0006\000.\0002\000.\0002\000\040\000E\000n\000u\000m\000e\000r\000a\000t\000i\000o\000n\000\040\000T\000y\000p\000e\000\040\000D\000o\000c\000u\000m\000e\000n\000t\000a\000t\000i\000o\000n}{section.6.2}% 33
\BOOKMARK [3][-]{subsubsection.6.2.2.1}{\376\377\0006\000.\0002\000.\0002\000.\0001\000\040\000b\000i\000t\000F\000r\000a\000m\000i\000n\000g\000\137\000t}{subsection.6.2.2}% 34
\BOOKMARK [3][-]{subsubsection.6.2.2.2}{\376\377\0006\000.\0002\000.\0002\000.\0002\000\040\000u\000i\000d\000S\000i\000z\000e\000\137\000t}{subsection.6.2.2}% 35
\BOOKMARK [2][-]{subsection.6.2.3}{\376\377\0006\000.\0002\000.\0003\000\040\000F\000u\000n\000c\000t\000i\000o\000n\000\040\000D\000o\000c\000u\000m\000e\000n\000t\000a\000t\000i\000o\000n}{section.6.2}% 36
\BOOKMARK [3][-]{subsubsection.6.2.3.1}{\376\377\0006\000.\0002\000.\0003\000.\0001\000\040\000v\000M\000F\000R\000C\0005\0002\0002\000\137\000G\000e\000t\000A\000n\000d\000P\000r\000i\000n\000t\000F\000i\000f\000o\000B\000u\000f\000\050\000\051}{subsection.6.2.3}% 37
\BOOKMARK [3][-]{subsubsection.6.2.3.2}{\376\377\0006\000.\0002\000.\0003\000.\0002\000\040\000v\000M\000i\000f\000a\000r\000e\000\137\000P\000r\000i\000n\000t\000K\000e\000y\000\050\000\051}{subsection.6.2.3}% 38
\BOOKMARK [3][-]{subsubsection.6.2.3.3}{\376\377\0006\000.\0002\000.\0003\000.\0003\000\040\000v\000M\000i\000f\000a\000r\000e\000\137\000P\000r\000i\000n\000t\000U\000I\000D\000\050\000\051}{subsection.6.2.3}% 39
\BOOKMARK [3][-]{subsubsection.6.2.3.4}{\376\377\0006\000.\0002\000.\0003\000.\0004\000\040\000x\000M\000F\000R\000C\0005\0002\0002\000\137\000A\000n\000t\000e\000n\000n\000a\000O\000n\000\050\000\051}{subsection.6.2.3}% 40
\BOOKMARK [3][-]{subsubsection.6.2.3.5}{\376\377\0006\000.\0002\000.\0003\000.\0005\000\040\000x\000M\000F\000R\000C\0005\0002\0002\000\137\000C\000a\000l\000c\000u\000l\000a\000t\000e\000C\000R\000C\000\050\000\051}{subsection.6.2.3}% 41
\BOOKMARK [3][-]{subsubsection.6.2.3.6}{\376\377\0006\000.\0002\000.\0003\000.\0006\000\040\000x\000M\000F\000R\000C\0005\0002\0002\000\137\000C\000l\000r\000R\000e\000g\000B\000i\000t\000M\000a\000s\000k\000\050\000\051}{subsection.6.2.3}% 42
\BOOKMARK [3][-]{subsubsection.6.2.3.7}{\376\377\0006\000.\0002\000.\0003\000.\0007\000\040\000x\000M\000F\000R\000C\0005\0002\0002\000\137\000C\000o\000m\000m\000W\000i\000t\000h\000M\000i\000f\000a\000r\000e\000\050\000\051}{subsection.6.2.3}% 43
\BOOKMARK [3][-]{subsubsection.6.2.3.8}{\376\377\0006\000.\0002\000.\0003\000.\0008\000\040\000x\000M\000F\000R\000C\0005\0002\0002\000\137\000I\000n\000i\000t\000\050\000\051}{subsection.6.2.3}% 44
\BOOKMARK [3][-]{subsubsection.6.2.3.9}{\376\377\0006\000.\0002\000.\0003\000.\0009\000\040\000x\000M\000F\000R\000C\0005\0002\0002\000\137\000I\000s\000C\000a\000r\000d\000P\000r\000e\000s\000e\000n\000t\000\050\000\051}{subsection.6.2.3}% 45
\BOOKMARK [3][-]{subsubsection.6.2.3.10}{\376\377\0006\000.\0002\000.\0003\000.\0001\0000\000\040\000x\000M\000F\000R\000C\0005\0002\0002\000\137\000M\000F\000\137\000A\000u\000t\000h\000e\000n\000t\000\050\000\051}{subsection.6.2.3}% 46
\BOOKMARK [3][-]{subsubsection.6.2.3.11}{\376\377\0006\000.\0002\000.\0003\000.\0001\0001\000\040\000x\000M\000F\000R\000C\0005\0002\0002\000\137\000R\000e\000a\000d\000R\000e\000g\000i\000s\000t\000e\000r\000\050\000\051}{subsection.6.2.3}% 47
\BOOKMARK [3][-]{subsubsection.6.2.3.12}{\376\377\0006\000.\0002\000.\0003\000.\0001\0002\000\040\000x\000M\000F\000R\000C\0005\0002\0002\000\137\000R\000e\000a\000d\000R\000e\000g\000i\000s\000t\000e\000r\000A\000r\000r\000\050\000\051}{subsection.6.2.3}% 48
\BOOKMARK [3][-]{subsubsection.6.2.3.13}{\376\377\0006\000.\0002\000.\0003\000.\0001\0003\000\040\000x\000M\000F\000R\000C\0005\0002\0002\000\137\000R\000e\000s\000e\000t\000\050\000\051}{subsection.6.2.3}% 49
\BOOKMARK [3][-]{subsubsection.6.2.3.14}{\376\377\0006\000.\0002\000.\0003\000.\0001\0004\000\040\000x\000M\000F\000R\000C\0005\0002\0002\000\137\000S\000e\000l\000f\000T\000e\000s\000t\000\050\000\051}{subsection.6.2.3}% 50
\BOOKMARK [3][-]{subsubsection.6.2.3.15}{\376\377\0006\000.\0002\000.\0003\000.\0001\0005\000\040\000x\000M\000F\000R\000C\0005\0002\0002\000\137\000S\000e\000t\000R\000e\000g\000B\000i\000t\000M\000a\000s\000k\000\050\000\051}{subsection.6.2.3}% 51
\BOOKMARK [3][-]{subsubsection.6.2.3.16}{\376\377\0006\000.\0002\000.\0003\000.\0001\0006\000\040\000x\000M\000F\000R\000C\0005\0002\0002\000\137\000T\000r\000a\000n\000s\000c\000i\000e\000v\000e\000\050\000\051}{subsection.6.2.3}% 52
\BOOKMARK [3][-]{subsubsection.6.2.3.17}{\376\377\0006\000.\0002\000.\0003\000.\0001\0007\000\040\000x\000M\000F\000R\000C\0005\0002\0002\000\137\000W\000r\000i\000t\000e\000R\000e\000g\000i\000s\000t\000e\000r\000\050\000\051}{subsection.6.2.3}% 53
\BOOKMARK [3][-]{subsubsection.6.2.3.18}{\376\377\0006\000.\0002\000.\0003\000.\0001\0008\000\040\000x\000M\000F\000R\000C\0005\0002\0002\000\137\000W\000r\000i\000t\000e\000R\000e\000g\000i\000s\000t\000e\000r\000A\000r\000r\000\050\000\051}{subsection.6.2.3}% 54
\BOOKMARK [3][-]{subsubsection.6.2.3.19}{\376\377\0006\000.\0002\000.\0003\000.\0001\0009\000\040\000x\000M\000i\000f\000a\000r\000e\000\137\000A\000u\000t\000h\000e\000n\000t\000i\000c\000a\000t\000e\000\050\000\051}{subsection.6.2.3}% 55
\BOOKMARK [3][-]{subsubsection.6.2.3.20}{\376\377\0006\000.\0002\000.\0003\000.\0002\0000\000\040\000x\000M\000i\000f\000a\000r\000e\000\137\000G\000e\000t\000K\000e\000y\000D\000a\000t\000a\000\050\000\051}{subsection.6.2.3}% 56
\BOOKMARK [3][-]{subsubsection.6.2.3.21}{\376\377\0006\000.\0002\000.\0003\000.\0002\0001\000\040\000x\000M\000i\000f\000a\000r\000e\000\137\000R\000e\000a\000d\000K\000e\000y\000B\000l\000o\000c\000k\000\050\000\051}{subsection.6.2.3}% 57
\BOOKMARK [3][-]{subsubsection.6.2.3.22}{\376\377\0006\000.\0002\000.\0003\000.\0002\0002\000\040\000x\000M\000i\000f\000a\000r\000e\000\137\000R\000e\000a\000d\000U\000I\000D\000\050\000\051}{subsection.6.2.3}% 58
\BOOKMARK [3][-]{subsubsection.6.2.3.23}{\376\377\0006\000.\0002\000.\0003\000.\0002\0003\000\040\000x\000M\000i\000f\000a\000r\000e\000\137\000W\000r\000i\000t\000e\000K\000e\000y\000\050\000\051}{subsection.6.2.3}% 59
\BOOKMARK [3][-]{subsubsection.6.2.3.24}{\376\377\0006\000.\0002\000.\0003\000.\0002\0004\000\040\000x\000M\000i\000f\000a\000r\000e\000\137\000W\000r\000i\000t\000e\000K\000e\000y\000B\000l\000o\000c\000k\000\050\000\051}{subsection.6.2.3}% 60
\BOOKMARK [1][-]{section.6.3}{\376\377\0006\000.\0003\000\040\000M\000F\000R\000C\0005\0002\0002\000.\000h}{chapter.6}% 61
\BOOKMARK [0][-]{section*.11}{\376\377\000I\000n\000d\000e\000x}{}% 62
